<?xml version="1.0" encoding="UTF-8"?>
<!-- Generated by org.testng.reporters.JUnitReportReporter -->
<testsuite hostname="DESKTOP-RJOPAQ5" failures="0" tests="2" name="testng4_alerts_popus._1HandleAlerts" time="10.380" errors="0" timestamp="2023-12-27T15:09:02 IST" skipped="0">
  <testcase classname="testng4_alerts_popus._1HandleAlerts" name="test1" time="5.087"/>
  <testcase classname="testng4_alerts_popus._1HandleAlerts" name="test2" time="5.293"/>
</testsuite> <!-- testng4_alerts_popus._1HandleAlerts -->
