<?xml version="1.0" encoding="UTF-8"?>
<!-- Generated by org.testng.reporters.JUnitReportReporter -->
<testsuite hostname="DESKTOP-RJOPAQ5" failures="0" tests="2" name="testng3_switchtab.SwitchTabs2" time="66.470" errors="0" timestamp="2023-12-26T20:14:23 IST" skipped="0">
  <testcase classname="testng3_switchtab.SwitchTabs2" name="setup" time="60.035"/>
  <testcase classname="testng3_switchtab.SwitchTabs2" name="openwindow1" time="6.435"/>
</testsuite> <!-- testng3_switchtab.SwitchTabs2 -->
