<?xml version="1.0" encoding="UTF-8"?>
<!-- Generated by org.testng.reporters.JUnitReportReporter -->
<testsuite hostname="DESKTOP-RJOPAQ5" failures="0" tests="2" name="testng3_switchtab.SwitchTabs_MultipleTabs" time="38.251" errors="0" timestamp="2023-12-26T21:16:02 IST" skipped="0">
  <testcase classname="testng3_switchtab.SwitchTabs_MultipleTabs" name="BrowsersetupAndScrollDown_multipletabs" time="35.132"/>
  <testcase classname="testng3_switchtab.SwitchTabs_MultipleTabs" name="multipletabs" time="3.119"/>
</testsuite> <!-- testng3_switchtab.SwitchTabs_MultipleTabs -->
