<?xml version="1.0" encoding="UTF-8"?>
<!-- Generated by org.testng.reporters.JUnitReportReporter -->
<testsuite hostname="DESKTOP-RJOPAQ5" failures="0" tests="2" name="testng3_switchtab.Switchtabs" time="59.608" errors="0" timestamp="2023-12-26T14:58:20 IST" skipped="0">
  <testcase classname="testng3_switchtab.Switchtabs" name="Test1" time="40.982"/>
  <testcase classname="testng3_switchtab.Switchtabs" name="Test2" time="18.626"/>
</testsuite> <!-- testng3_switchtab.Switchtabs -->
