<?xml version="1.0" encoding="UTF-8"?>
<!-- Generated by org.testng.reporters.JUnitReportReporter -->
<testsuite hostname="DESKTOP-RJOPAQ5" failures="0" tests="1" name="testcase1.Testcase2_admin" time="24.287" errors="0" timestamp="2024-02-10T17:34:37 IST" skipped="0">
  <testcase classname="testcase1.Testcase2_admin" name="admin_test_page" time="24.287"/>
</testsuite> <!-- testcase1.Testcase2_admin -->
