<?xml version="1.0" encoding="UTF-8"?>
<!-- Generated by org.testng.reporters.JUnitReportReporter -->
<testsuite hostname="DESKTOP-RJOPAQ5" failures="0" tests="1" name="testcase1.Testcase4_Dashboard" time="18.622" errors="0" timestamp="2024-02-21T00:24:35 IST" skipped="0">
  <testcase classname="testcase1.Testcase4_Dashboard" name="DashboardTest" time="18.622"/>
</testsuite> <!-- testcase1.Testcase4_Dashboard -->
